#
# A fatal error has been detected by the Java Runtime Environment:
#
#  EXCEPTION_ACCESS_VIOLATION (0xc0000005) at pc=0x00007ffc81c0a5d6, pid=11416, tid=12048
#
# JRE version: Java(TM) SE Runtime Environment (11.0.1+13) (build 11.0.1+13-LTS)
# Java VM: Java HotSpot(TM) 64-Bit Server VM (11.0.1+13-LTS, mixed mode, tiered, compressed oops, g1 gc, windows-amd64)
# Problematic frame:
# V  [jvm.dll+0x70a5d6]
#
# No core dump will be written. Minidumps are not enabled by default on client versions of Windows
#
# If you would like to submit a bug report, please visit:
#   http://bugreport.java.com/bugreport/crash.jsp
#

---------------  S U M M A R Y ------------

Command Line: --add-modules=ALL-SYSTEM --add-opens=java.base/java.util=ALL-UNNAMED --add-opens=java.base/java.lang=ALL-UNNAMED -Declipse.application=org.eclipse.jdt.ls.core.id1 -Dosgi.bundles.defaultStartLevel=4 -Declipse.product=org.eclipse.jdt.ls.core.product -Dfile.encoding=utf8 -DwatchParentProcess=false -Xverify:none -Xmx1G -XX:+UseG1GC -XX:+UseStringDeduplication C:\Users\aluno\.vscode\extensions\redhat.java-0.45.0\server\plugins\org.eclipse.equinox.launcher_1.5.400.v20190514-1658.jar -configuration C:\Users\aluno\.vscode\extensions\redhat.java-0.45.0\server\config_win -data c:\Users\aluno\AppData\Roaming\Code\User\workspaceStorage\56a9235ecc1fd7bc1f7dc205d7bfb910\redhat.java\jdt_ws

Host: Intel(R) Core(TM) i3 CPU         530  @ 2.93GHz, 4 cores, 3G,  Windows 10 , 64 bit Build 17763 (10.0.17763.437)
Time: Sat Jun  1 10:22:53 2019 Hora oficial do Brasil elapsed time: 1569 seconds (0d 0h 26m 9s)

---------------  T H R E A D  ---------------

Current thread (0x000002638421e000):  GCTaskThread "GC Thread#0" [stack: 0x000000c034000000,0x000000c034100000] [id=12048]

Stack: [0x000000c034000000,0x000000c034100000],  sp=0x000000c0340ff9b0,  free space=1022k
Native frames: (J=compiled Java code, j=interpreted, Vv=VM code, C=native code)
V  [jvm.dll+0x70a5d6]
V  [jvm.dll+0x70b334]
V  [jvm.dll+0x2f846e]
V  [jvm.dll+0x2f8001]
V  [jvm.dll+0x7ab4e0]
V  [jvm.dll+0x63b2b2]
C  [ucrtbase.dll+0x21ffa]
C  [KERNEL32.DLL+0x17974]
C  [ntdll.dll+0x6a271]


siginfo: EXCEPTION_ACCESS_VIOLATION (0xc0000005), reading address 0x00000262a0e21fe2


Register to memory mapping:

RIP=0x00007ffc81c0a5d6 jvm.dll
RAX=0x0000000000000010 is an unknown value
RBX=0x00000263a0ddedc8 points into unknown readable memory
RCX=0x00000262a0e21fe0 is an unknown value
RDX=0x0000000000000020 is an unknown value
RSP=0x000000c0340ff9b0 points into unknown readable memory
RBP=0x000000c0340ffa10 points into unknown readable memory
RSI=0x00000263a1e6deb8 points into unknown readable memory
RDI=0x000000c0340ffa60 points into unknown readable memory
R8 =0x000000c0340ffa10 points into unknown readable memory
R9 =0x0000000000008000 is an unknown value
R10=0x00000263a63fca40 points into unknown readable memory
R11=0x000000c0340ffa38 points into unknown readable memory
R12=0x000000000000000e is an unknown value
R13=0x000000c0346fe9d0 points into unknown readable memory
R14=0x0000000000022990 is an unknown value
R15=0x0000000000022990 is an unknown value


Registers:
RAX=0x0000000000000010, RBX=0x00000263a0ddedc8, RCX=0x00000262a0e21fe0, RDX=0x0000000000000020
RSP=0x000000c0340ff9b0, RBP=0x000000c0340ffa10, RSI=0x00000263a1e6deb8, RDI=0x000000c0340ffa60
R8 =0x000000c0340ffa10, R9 =0x0000000000008000, R10=0x00000263a63fca40, R11=0x000000c0340ffa38
R12=0x000000000000000e, R13=0x000000c0346fe9d0, R14=0x0000000000022990, R15=0x0000000000022990
RIP=0x00007ffc81c0a5d6, EFLAGS=0x0000000000010216

Top of Stack: (sp=0x000000c0340ff9b0)
0x000000c0340ff9b0:   00007ffc81d9e0d0 00007ffc00000000
0x000000c0340ff9c0:   000000c0346feb30 0000000000000135
0x000000c0340ff9d0:   000000c0346fea70 000000c0340ffb30
0x000000c0340ff9e0:   0000000000000000 00007ffc81c0b334
0x000000c0340ff9f0:   0000000000004e2b 000000c0340ffa98
0x000000c0340ffa00:   000000c0340ffa60 0000000000000000
0x000000c0340ffa10:   000000020000afa0 00000263a73e1048
0x000000c0340ffa20:   00000263a73e0f28 0000000000000000
0x000000c0340ffa30:   0000000000000000 00007ffc817f846e
0x000000c0340ffa40:   000000c0346fe9f0 0000000000000000
0x000000c0340ffa50:   000000c0346fe9d0 000002638421e000
0x000000c0340ffa60:   0000026300000000 0000000000000000
0x000000c0340ffa70:   000002638e47bb90 00007ffc817f8001
0x000000c0340ffa80:   000002630000093c 000002638212cc50
0x000000c0340ffa90:   0000000000000135 0000026300000000
0x000000c0340ffaa0:   000000c000000000 00007ffcd90b83d3 

Instructions: (pc=0x00007ffc81c0a5d6)
0x00007ffc81c0a5b6:   db 74 50 0f 1f 80 00 00 00 00 f6 43 08 01 74 09
0x00007ffc81c0a5c6:   83 3d c3 4e 36 00 00 74 3a 48 8b 4b 10 ff 45 00
0x00007ffc81c0a5d6:   0f b7 41 02 66 85 c0 75 1d e8 8c e2 f9 ff 48 8b
0x00007ffc81c0a5e6:   43 08 48 8b d3 48 83 e0 fe 48 8b cd 48 89 06 e8 



---------------  P R O C E S S  ---------------

Threads class SMR info:
_java_thread_list=0x00000263a7868ec0, length=26, elements={
0x0000026384207000, 0x00000263a07cd800, 0x00000263a080f800, 0x00000263a081f000,
0x00000263a0820000, 0x00000263a0823000, 0x00000263a0828000, 0x00000263a09a5000,
0x00000263a0b05800, 0x00000263a0cb8000, 0x00000263a20c1000, 0x00000263a119d800,
0x00000263a2166800, 0x00000263a10be800, 0x00000263a28f4000, 0x00000263a28f8800,
0x00000263a28f6800, 0x00000263a28f7800, 0x00000263a6f94000, 0x00000263a6f95000,
0x00000263a6f90000, 0x00000263a6f96800, 0x00000263a6f95800, 0x00000263a6f91800,
0x00000263a7a65000, 0x00000263a6f92800
}

Java Threads: ( => current thread )
  0x0000026384207000 JavaThread "main" [_thread_blocked, id=11676, stack(0x000000c033f00000,0x000000c034000000)]
  0x00000263a07cd800 JavaThread "Reference Handler" daemon [_thread_blocked, id=7200, stack(0x000000c034700000,0x000000c034800000)]
  0x00000263a080f800 JavaThread "Finalizer" daemon [_thread_blocked, id=2084, stack(0x000000c034800000,0x000000c034900000)]
  0x00000263a081f000 JavaThread "Signal Dispatcher" daemon [_thread_blocked, id=5852, stack(0x000000c034900000,0x000000c034a00000)]
  0x00000263a0820000 JavaThread "Attach Listener" daemon [_thread_blocked, id=10720, stack(0x000000c034a00000,0x000000c034b00000)]
  0x00000263a0823000 JavaThread "C2 CompilerThread0" daemon [_thread_in_native, id=8000, stack(0x000000c034b00000,0x000000c034c00000)]
  0x00000263a0828000 JavaThread "C1 CompilerThread0" daemon [_thread_blocked, id=8248, stack(0x000000c034c00000,0x000000c034d00000)]
  0x00000263a09a5000 JavaThread "Sweeper thread" daemon [_thread_blocked, id=1260, stack(0x000000c034d00000,0x000000c034e00000)]
  0x00000263a0b05800 JavaThread "Common-Cleaner" daemon [_thread_blocked, id=7572, stack(0x000000c034e00000,0x000000c034f00000)]
  0x00000263a0cb8000 JavaThread "Service Thread" daemon [_thread_blocked, id=336, stack(0x000000c034f00000,0x000000c035000000)]
  0x00000263a20c1000 JavaThread "Active Thread: Equinox Container: 7c8a5bd0-38da-4d9f-ae0a-0ed969e7555c" [_thread_blocked, id=5592, stack(0x000000c035600000,0x000000c035700000)]
  0x00000263a119d800 JavaThread "Framework Event Dispatcher: Equinox Container: 7c8a5bd0-38da-4d9f-ae0a-0ed969e7555c" daemon [_thread_blocked, id=12148, stack(0x000000c035200000,0x000000c035300000)]
  0x00000263a2166800 JavaThread "Start Level: Equinox Container: 7c8a5bd0-38da-4d9f-ae0a-0ed969e7555c" daemon [_thread_blocked, id=8092, stack(0x000000c035300000,0x000000c035400000)]
  0x00000263a10be800 JavaThread "Refresh Thread: Equinox Container: 7c8a5bd0-38da-4d9f-ae0a-0ed969e7555c" daemon [_thread_blocked, id=2184, stack(0x000000c035400000,0x000000c035500000)]
  0x00000263a28f4000 JavaThread "Worker-JM" [_thread_blocked, id=2760, stack(0x000000c035a00000,0x000000c035b00000)]
  0x00000263a28f8800 JavaThread "Java indexing" daemon [_thread_blocked, id=2344, stack(0x000000c036000000,0x000000c036100000)]
  0x00000263a28f6800 JavaThread "Bundle File Closer" daemon [_thread_blocked, id=2368, stack(0x000000c035500000,0x000000c035600000)]
  0x00000263a28f7800 JavaThread "pool-1-thread-1" [_thread_in_native, id=7580, stack(0x000000c033e00000,0x000000c033f00000)]
  0x00000263a6f94000 JavaThread "ForkJoinPool.commonPool-worker-5" daemon [_thread_blocked, id=8848, stack(0x000000c033d00000,0x000000c033e00000)]
  0x00000263a6f95000 JavaThread "Worker-9" [_thread_blocked, id=1244, stack(0x000000c035700000,0x000000c035800000)]
  0x00000263a6f90000 JavaThread "Worker-10" [_thread_blocked, id=4496, stack(0x000000c035800000,0x000000c035900000)]
  0x00000263a6f96800 JavaThread "Worker-11: Publish Diagnostics" [_thread_blocked, id=3844, stack(0x000000c033c00000,0x000000c033d00000)]
  0x00000263a6f95800 JavaThread "ForkJoinPool.commonPool-worker-7" daemon [_thread_blocked, id=10644, stack(0x000000c035900000,0x000000c035a00000)]
  0x00000263a6f91800 JavaThread "ForkJoinPool.commonPool-worker-1" daemon [_thread_blocked, id=10172, stack(0x000000c035e00000,0x000000c035f00000)]
  0x00000263a7a65000 JavaThread "C2 CompilerThread1" daemon [_thread_blocked, id=11232, stack(0x000000c035f00000,0x000000c036000000)]
  0x00000263a6f92800 JavaThread "Thread-3" daemon [_thread_blocked, id=9276, stack(0x000000c036100000,0x000000c036200000)]

Other Threads:
  0x00000263a07b6800 VMThread "VM Thread" [stack: 0x000000c034600000,0x000000c034700000] [id=4716]
  0x00000263a0cb9000 WatcherThread [stack: 0x000000c035000000,0x000000c035100000] [id=11156]
=>0x000002638421e000 GCTaskThread "GC Thread#0" [stack: 0x000000c034000000,0x000000c034100000] [id=12048]
  0x00000263a2178800 GCTaskThread "GC Thread#1" [stack: 0x000000c035100000,0x000000c035200000] [id=3068]
  0x00000263a2018000 GCTaskThread "GC Thread#2" [stack: 0x000000c035b00000,0x000000c035c00000] [id=3980]
  0x00000263a0f32800 GCTaskThread "GC Thread#3" [stack: 0x000000c035c00000,0x000000c035d00000] [id=6972]
  0x000002638423c000 ConcurrentGCThread "G1 Main Marker" [stack: 0x000000c034100000,0x000000c034200000] [id=7680]
  0x000002638423f000 ConcurrentGCThread "G1 Conc#0" [stack: 0x000000c034200000,0x000000c034300000] [id=10744]
  0x0000026384284000 ConcurrentGCThread "G1 Refine#0" [stack: 0x000000c034300000,0x000000c034400000] [id=10116]
  0x00000263a0f35000 ConcurrentGCThread "G1 Refine#1" [stack: 0x000000c035d00000,0x000000c035e00000] [id=7520]
  0x0000026384285000 ConcurrentGCThread "G1 Young RemSet Sampling" [stack: 0x000000c034400000,0x000000c034500000] [id=12216]
  0x000002638428d000 ConcurrentGCThread "StrDedup" [stack: 0x000000c034500000,0x000000c034600000] [id=588]

Threads with active compile tasks:
C2 CompilerThread012468       4       org.eclipse.jdt.internal.compiler.lookup.BinaryTypeBinding::createMethod (1613 bytes)
C2 CompilerThread112538       4       org.eclipse.jdt.internal.core.util.Util::splitOn (134 bytes)

VM state:at safepoint (normal execution)

VM Mutex/Monitor currently owned by a thread:  ([mutex/lock_event])
[0x0000026384204f60] Threads_lock - owner thread: 0x00000263a07b6800
[0x0000026384204ff0] Heap_lock - owner thread: 0x000002638423c000

Heap address: 0x00000000c0000000, size: 1024 MB, Compressed Oops mode: 32-bit
Narrow klass base: 0x0000000000000000, Narrow klass shift: 3
Compressed class space size: 1073741824 Address: 0x0000000100000000

Heap:
 garbage-first heap   total 300032K, used 77312K [0x00000000c0000000, 0x0000000100000000)
  region size 1024K, 12 young (12288K), 5 survivors (5120K)
 Metaspace       used 69099K, capacity 71912K, committed 72016K, reserved 1114112K
  class space    used 6618K, capacity 7601K, committed 7680K, reserved 1048576K
Heap Regions: E=young(eden), S=young(survivor), O=old, HS=humongous(starts), HC=humongous(continues), CS=collection set, F=free, A=archive, TAMS=top-at-mark-start (previous, next)
|   0|0x00000000c0000000, 0x00000000c0100000, 0x00000000c0100000|100%| O|  |TAMS 0x00000000c0100000, 0x00000000c0100000| Untracked 
|   1|0x00000000c0100000, 0x00000000c0200000, 0x00000000c0200000|100%| O|  |TAMS 0x00000000c0200000, 0x00000000c0200000| Untracked 
|   2|0x00000000c0200000, 0x00000000c0300000, 0x00000000c0300000|100%| O|  |TAMS 0x00000000c0300000, 0x00000000c0300000| Untracked 
|   3|0x00000000c0300000, 0x00000000c0400000, 0x00000000c0400000|100%| O|  |TAMS 0x00000000c0400000, 0x00000000c0400000| Untracked 
|   4|0x00000000c0400000, 0x00000000c0500000, 0x00000000c0500000|100%| O|  |TAMS 0x00000000c0500000, 0x00000000c0500000| Untracked 
|   5|0x00000000c0500000, 0x00000000c0600000, 0x00000000c0600000|100%| O|  |TAMS 0x00000000c0600000, 0x00000000c0600000| Untracked 
|   6|0x00000000c0600000, 0x00000000c0700000, 0x00000000c0700000|100%| O|  |TAMS 0x00000000c0700000, 0x00000000c0700000| Untracked 
|   7|0x00000000c0700000, 0x00000000c0800000, 0x00000000c0800000|100%| O|  |TAMS 0x00000000c0800000, 0x00000000c0800000| Untracked 
|   8|0x00000000c0800000, 0x00000000c0900000, 0x00000000c0900000|100%| O|  |TAMS 0x00000000c0900000, 0x00000000c0900000| Untracked 
|   9|0x00000000c0900000, 0x00000000c0a00000, 0x00000000c0a00000|100%| O|  |TAMS 0x00000000c0a00000, 0x00000000c0a00000| Untracked 
|  10|0x00000000c0a00000, 0x00000000c0b00000, 0x00000000c0b00000|100%| O|  |TAMS 0x00000000c0b00000, 0x00000000c0b00000| Untracked 
|  11|0x00000000c0b00000, 0x00000000c0c00000, 0x00000000c0c00000|100%| O|  |TAMS 0x00000000c0c00000, 0x00000000c0c00000| Untracked 
|  12|0x00000000c0c00000, 0x00000000c0d00000, 0x00000000c0d00000|100%| O|  |TAMS 0x00000000c0d00000, 0x00000000c0d00000| Untracked 
|  13|0x00000000c0d00000, 0x00000000c0e00000, 0x00000000c0e00000|100%| O|  |TAMS 0x00000000c0e00000, 0x00000000c0e00000| Untracked 
|  14|0x00000000c0e00000, 0x00000000c0f00000, 0x00000000c0f00000|100%| O|  |TAMS 0x00000000c0f00000, 0x00000000c0f00000| Untracked 
|  15|0x00000000c0f00000, 0x00000000c1000000, 0x00000000c1000000|100%| O|  |TAMS 0x00000000c1000000, 0x00000000c1000000| Untracked 
|  16|0x00000000c1000000, 0x00000000c1100000, 0x00000000c1100000|100%| O|  |TAMS 0x00000000c1100000, 0x00000000c1100000| Untracked 
|  17|0x00000000c1100000, 0x00000000c1200000, 0x00000000c1200000|100%| O|  |TAMS 0x00000000c1200000, 0x00000000c1200000| Untracked 
|  18|0x00000000c1200000, 0x00000000c1300000, 0x00000000c1300000|100%| O|  |TAMS 0x00000000c1300000, 0x00000000c1300000| Untracked 
|  19|0x00000000c1300000, 0x00000000c1400000, 0x00000000c1400000|100%| O|  |TAMS 0x00000000c1400000, 0x00000000c1400000| Untracked 
|  20|0x00000000c1400000, 0x00000000c1500000, 0x00000000c1500000|100%| O|  |TAMS 0x00000000c1500000, 0x00000000c1500000| Untracked 
|  21|0x00000000c1500000, 0x00000000c1600000, 0x00000000c1600000|100%| O|  |TAMS 0x00000000c1600000, 0x00000000c1600000| Untracked 
|  22|0x00000000c1600000, 0x00000000c1700000, 0x00000000c1700000|100%| O|  |TAMS 0x00000000c1700000, 0x00000000c1700000| Untracked 
|  23|0x00000000c1700000, 0x00000000c1800000, 0x00000000c1800000|100%| O|  |TAMS 0x00000000c1800000, 0x00000000c1800000| Untracked 
|  24|0x00000000c1800000, 0x00000000c1900000, 0x00000000c1900000|100%| O|  |TAMS 0x00000000c1900000, 0x00000000c1900000| Untracked 
|  25|0x00000000c1900000, 0x00000000c1a00000, 0x00000000c1a00000|100%| O|  |TAMS 0x00000000c1a00000, 0x00000000c1a00000| Untracked 
|  26|0x00000000c1a00000, 0x00000000c1b00000, 0x00000000c1b00000|100%| O|  |TAMS 0x00000000c1b00000, 0x00000000c1b00000| Untracked 
|  27|0x00000000c1b00000, 0x00000000c1c00000, 0x00000000c1c00000|100%| O|  |TAMS 0x00000000c1c00000, 0x00000000c1c00000| Untracked 
|  28|0x00000000c1c00000, 0x00000000c1d00000, 0x00000000c1d00000|100%| O|  |TAMS 0x00000000c1d00000, 0x00000000c1d00000| Untracked 
|  29|0x00000000c1d00000, 0x00000000c1e00000, 0x00000000c1e00000|100%|HS|  |TAMS 0x00000000c1e00000, 0x00000000c1e00000| Complete 
|  30|0x00000000c1e00000, 0x00000000c1f00000, 0x00000000c1f00000|100%| O|  |TAMS 0x00000000c1f00000, 0x00000000c1f00000| Untracked 
|  31|0x00000000c1f00000, 0x00000000c2000000, 0x00000000c2000000|100%| O|  |TAMS 0x00000000c2000000, 0x00000000c2000000| Untracked 
|  32|0x00000000c2000000, 0x00000000c2100000, 0x00000000c2100000|100%| O|  |TAMS 0x00000000c2100000, 0x00000000c2100000| Untracked 
|  33|0x00000000c2100000, 0x00000000c2200000, 0x00000000c2200000|100%| O|  |TAMS 0x00000000c2200000, 0x00000000c2200000| Untracked 
|  34|0x00000000c2200000, 0x00000000c2300000, 0x00000000c2300000|100%| O|  |TAMS 0x00000000c2300000, 0x00000000c2300000| Untracked 
|  35|0x00000000c2300000, 0x00000000c2400000, 0x00000000c2400000|100%| O|  |TAMS 0x00000000c2400000, 0x00000000c2400000| Untracked 
|  36|0x00000000c2400000, 0x00000000c2500000, 0x00000000c2500000|100%| O|  |TAMS 0x00000000c24fb200, 0x00000000c2500000| Untracked 
|  37|0x00000000c2500000, 0x00000000c2600000, 0x00000000c2600000|100%| O|  |TAMS 0x00000000c2600000, 0x00000000c2600000| Untracked 
|  38|0x00000000c2600000, 0x00000000c2700000, 0x00000000c2700000|100%| O|  |TAMS 0x00000000c2700000, 0x00000000c2700000| Untracked 
|  39|0x00000000c2700000, 0x00000000c2800000, 0x00000000c2800000|100%| O|  |TAMS 0x00000000c2800000, 0x00000000c2800000| Untracked 
|  40|0x00000000c2800000, 0x00000000c2900000, 0x00000000c2900000|100%| O|  |TAMS 0x00000000c2900000, 0x00000000c2900000| Untracked 
|  41|0x00000000c2900000, 0x00000000c2a00000, 0x00000000c2a00000|100%| O|  |TAMS 0x00000000c2900000, 0x00000000c2a00000| Untracked 
|  42|0x00000000c2a00000, 0x00000000c2b00000, 0x00000000c2b00000|100%| O|  |TAMS 0x00000000c2a00000, 0x00000000c2b00000| Untracked 
|  43|0x00000000c2b00000, 0x00000000c2c00000, 0x00000000c2c00000|100%| O|  |TAMS 0x00000000c2b00000, 0x00000000c2c00000| Untracked 
|  44|0x00000000c2c00000, 0x00000000c2d00000, 0x00000000c2d00000|100%| O|  |TAMS 0x00000000c2c00000, 0x00000000c2d00000| Untracked 
|  45|0x00000000c2d00000, 0x00000000c2e00000, 0x00000000c2e00000|100%| O|  |TAMS 0x00000000c2d00000, 0x00000000c2e00000| Untracked 
|  46|0x00000000c2e00000, 0x00000000c2f00000, 0x00000000c2f00000|100%| O|  |TAMS 0x00000000c2e00000, 0x00000000c2f00000| Untracked 
|  47|0x00000000c2f00000, 0x00000000c3000000, 0x00000000c3000000|100%| O|  |TAMS 0x00000000c2f00000, 0x00000000c3000000| Untracked 
|  48|0x00000000c3000000, 0x00000000c3100000, 0x00000000c3100000|100%| O|  |TAMS 0x00000000c3000000, 0x00000000c3100000| Untracked 
|  49|0x00000000c3100000, 0x00000000c3120200, 0x00000000c3200000| 12%| O|  |TAMS 0x00000000c3100000, 0x00000000c3120200| Untracked 
|  50|0x00000000c3200000, 0x00000000c3300000, 0x00000000c3300000|100%|HS|  |TAMS 0x00000000c3200000, 0x00000000c3200000| Complete 
|  51|0x00000000c3300000, 0x00000000c3400000, 0x00000000c3400000|100%|HC|  |TAMS 0x00000000c3300000, 0x00000000c3300000| Complete 
|  52|0x00000000c3400000, 0x00000000c3500000, 0x00000000c3500000|100%|HS|  |TAMS 0x00000000c3400000, 0x00000000c3400000| Complete 
|  53|0x00000000c3500000, 0x00000000c3600000, 0x00000000c3600000|100%|HC|  |TAMS 0x00000000c3500000, 0x00000000c3500000| Complete 
|  54|0x00000000c3600000, 0x00000000c3700000, 0x00000000c3700000|100%|HS|  |TAMS 0x00000000c3600000, 0x00000000c3600000| Complete 
|  55|0x00000000c3700000, 0x00000000c3800000, 0x00000000c3800000|100%|HC|  |TAMS 0x00000000c3700000, 0x00000000c3700000| Complete 
|  56|0x00000000c3800000, 0x00000000c3800000, 0x00000000c3900000|  0%| F|  |TAMS 0x00000000c3800000, 0x00000000c3800000| Untracked 
|  57|0x00000000c3900000, 0x00000000c3900000, 0x00000000c3a00000|  0%| F|  |TAMS 0x00000000c3900000, 0x00000000c3900000| Untracked 
|  58|0x00000000c3a00000, 0x00000000c3a00000, 0x00000000c3b00000|  0%| F|  |TAMS 0x00000000c3a00000, 0x00000000c3a00000| Untracked 
|  59|0x00000000c3b00000, 0x00000000c3b00000, 0x00000000c3c00000|  0%| F|  |TAMS 0x00000000c3b00000, 0x00000000c3b00000| Untracked 
|  60|0x00000000c3c00000, 0x00000000c3c00000, 0x00000000c3d00000|  0%| F|  |TAMS 0x00000000c3c00000, 0x00000000c3c00000| Untracked 
|  61|0x00000000c3d00000, 0x00000000c3d00000, 0x00000000c3e00000|  0%| F|  |TAMS 0x00000000c3d00000, 0x00000000c3d00000| Untracked 
|  62|0x00000000c3e00000, 0x00000000c3e00000, 0x00000000c3f00000|  0%| F|  |TAMS 0x00000000c3e00000, 0x00000000c3e00000| Untracked 
|  63|0x00000000c3f00000, 0x00000000c3f00000, 0x00000000c4000000|  0%| F|  |TAMS 0x00000000c3f00000, 0x00000000c3f00000| Untracked 
|  64|0x00000000c4000000, 0x00000000c4000000, 0x00000000c4100000|  0%| F|  |TAMS 0x00000000c4000000, 0x00000000c4000000| Untracked 
|  65|0x00000000c4100000, 0x00000000c4100000, 0x00000000c4200000|  0%| F|  |TAMS 0x00000000c4100000, 0x00000000c4100000| Untracked 
|  66|0x00000000c4200000, 0x00000000c4200000, 0x00000000c4300000|  0%| F|  |TAMS 0x00000000c4200000, 0x00000000c4200000| Untracked 
|  67|0x00000000c4300000, 0x00000000c4300000, 0x00000000c4400000|  0%| F|  |TAMS 0x00000000c4300000, 0x00000000c4300000| Untracked 
|  68|0x00000000c4400000, 0x00000000c4400000, 0x00000000c4500000|  0%| F|  |TAMS 0x00000000c4400000, 0x00000000c4400000| Untracked 
|  69|0x00000000c4500000, 0x00000000c4600000, 0x00000000c4600000|100%| O|  |TAMS 0x00000000c4600000, 0x00000000c4600000| Untracked 
|  70|0x00000000c4600000, 0x00000000c4600000, 0x00000000c4700000|  0%| F|  |TAMS 0x00000000c4600000, 0x00000000c4600000| Untracked 
|  71|0x00000000c4700000, 0x00000000c4700000, 0x00000000c4800000|  0%| F|  |TAMS 0x00000000c4700000, 0x00000000c4700000| Untracked 
|  72|0x00000000c4800000, 0x00000000c4800000, 0x00000000c4900000|  0%| F|  |TAMS 0x00000000c4800000, 0x00000000c4800000| Untracked 
|  73|0x00000000c4900000, 0x00000000c4900000, 0x00000000c4a00000|  0%| F|  |TAMS 0x00000000c4900000, 0x00000000c4900000| Untracked 
|  74|0x00000000c4a00000, 0x00000000c4a00000, 0x00000000c4b00000|  0%| F|  |TAMS 0x00000000c4a00000, 0x00000000c4a00000| Untracked 
|  75|0x00000000c4b00000, 0x00000000c4b00000, 0x00000000c4c00000|  0%| F|  |TAMS 0x00000000c4b00000, 0x00000000c4b00000| Untracked 
|  76|0x00000000c4c00000, 0x00000000c4c00000, 0x00000000c4d00000|  0%| F|  |TAMS 0x00000000c4c00000, 0x00000000c4c00000| Untracked 
|  77|0x00000000c4d00000, 0x00000000c4d00000, 0x00000000c4e00000|  0%| F|  |TAMS 0x00000000c4d00000, 0x00000000c4d00000| Untracked 
|  78|0x00000000c4e00000, 0x00000000c4e00000, 0x00000000c4f00000|  0%| F|  |TAMS 0x00000000c4e00000, 0x00000000c4e00000| Untracked 
|  79|0x00000000c4f00000, 0x00000000c4f00000, 0x00000000c5000000|  0%| F|  |TAMS 0x00000000c4f00000, 0x00000000c4f00000| Untracked 
|  80|0x00000000c5000000, 0x00000000c5000000, 0x00000000c5100000|  0%| F|  |TAMS 0x00000000c5000000, 0x00000000c5000000| Untracked 
|  81|0x00000000c5100000, 0x00000000c5100000, 0x00000000c5200000|  0%| F|  |TAMS 0x00000000c5100000, 0x00000000c5100000| Untracked 
|  82|0x00000000c5200000, 0x00000000c5200000, 0x00000000c5300000|  0%| F|  |TAMS 0x00000000c5200000, 0x00000000c5200000| Untracked 
|  83|0x00000000c5300000, 0x00000000c5300000, 0x00000000c5400000|  0%| F|  |TAMS 0x00000000c5300000, 0x00000000c5300000| Untracked 
|  84|0x00000000c5400000, 0x00000000c5400000, 0x00000000c5500000|  0%| F|  |TAMS 0x00000000c5400000, 0x00000000c5400000| Untracked 
|  85|0x00000000c5500000, 0x00000000c5500000, 0x00000000c5600000|  0%| F|  |TAMS 0x00000000c5500000, 0x00000000c5500000| Untracked 
|  86|0x00000000c5600000, 0x00000000c5600000, 0x00000000c5700000|  0%| F|  |TAMS 0x00000000c5600000, 0x00000000c5600000| Untracked 
|  87|0x00000000c5700000, 0x00000000c5700000, 0x00000000c5800000|  0%| F|  |TAMS 0x00000000c5700000, 0x00000000c5700000| Untracked 
|  88|0x00000000c5800000, 0x00000000c5800000, 0x00000000c5900000|  0%| F|  |TAMS 0x00000000c5800000, 0x00000000c5800000| Untracked 
|  89|0x00000000c5900000, 0x00000000c5900000, 0x00000000c5a00000|  0%| F|  |TAMS 0x00000000c5900000, 0x00000000c5900000| Untracked 
|  90|0x00000000c5a00000, 0x00000000c5a00000, 0x00000000c5b00000|  0%| F|  |TAMS 0x00000000c5a00000, 0x00000000c5a00000| Untracked 
|  91|0x00000000c5b00000, 0x00000000c5c00000, 0x00000000c5c00000|100%| O|  |TAMS 0x00000000c5c00000, 0x00000000c5c00000| Untracked 
|  92|0x00000000c5c00000, 0x00000000c5c00000, 0x00000000c5d00000|  0%| F|  |TAMS 0x00000000c5c00000, 0x00000000c5c00000| Untracked 
|  93|0x00000000c5d00000, 0x00000000c5d00000, 0x00000000c5e00000|  0%| F|  |TAMS 0x00000000c5d00000, 0x00000000c5d00000| Untracked 
|  94|0x00000000c5e00000, 0x00000000c5e00000, 0x00000000c5f00000|  0%| F|  |TAMS 0x00000000c5e00000, 0x00000000c5e00000| Untracked 
|  95|0x00000000c5f00000, 0x00000000c6000000, 0x00000000c6000000|100%| O|  |TAMS 0x00000000c6000000, 0x00000000c6000000| Untracked 
|  96|0x00000000c6000000, 0x00000000c6100000, 0x00000000c6100000|100%| O|  |TAMS 0x00000000c6100000, 0x00000000c6100000| Untracked 
|  97|0x00000000c6100000, 0x00000000c6100000, 0x00000000c6200000|  0%| F|  |TAMS 0x00000000c6100000, 0x00000000c6100000| Untracked 
|  98|0x00000000c6200000, 0x00000000c6200000, 0x00000000c6300000|  0%| F|  |TAMS 0x00000000c6200000, 0x00000000c6200000| Untracked 
|  99|0x00000000c6300000, 0x00000000c6300000, 0x00000000c6400000|  0%| F|  |TAMS 0x00000000c6300000, 0x00000000c6300000| Untracked 
| 100|0x00000000c6400000, 0x00000000c6400000, 0x00000000c6500000|  0%| F|  |TAMS 0x00000000c6400000, 0x00000000c6400000| Untracked 
| 101|0x00000000c6500000, 0x00000000c6500000, 0x00000000c6600000|  0%| F|  |TAMS 0x00000000c6500000, 0x00000000c6500000| Untracked 
| 102|0x00000000c6600000, 0x00000000c6600000, 0x00000000c6700000|  0%| F|  |TAMS 0x00000000c6600000, 0x00000000c6600000| Untracked 
| 103|0x00000000c6700000, 0x00000000c6700000, 0x00000000c6800000|  0%| F|  |TAMS 0x00000000c6700000, 0x00000000c6700000| Untracked 
| 104|0x00000000c6800000, 0x00000000c6800000, 0x00000000c6900000|  0%| F|  |TAMS 0x00000000c6800000, 0x00000000c6800000| Untracked 
| 105|0x00000000c6900000, 0x00000000c6900000, 0x00000000c6a00000|  0%| F|  |TAMS 0x00000000c6900000, 0x00000000c6900000| Untracked 
| 106|0x00000000c6a00000, 0x00000000c6a00000, 0x00000000c6b00000|  0%| F|  |TAMS 0x00000000c6a00000, 0x00000000c6a00000| Untracked 
| 107|0x00000000c6b00000, 0x00000000c6b00000, 0x00000000c6c00000|  0%| F|  |TAMS 0x00000000c6b00000, 0x00000000c6b00000| Untracked 
| 108|0x00000000c6c00000, 0x00000000c6c00000, 0x00000000c6d00000|  0%| F|  |TAMS 0x00000000c6c00000, 0x00000000c6c00000| Untracked 
| 109|0x00000000c6d00000, 0x00000000c6d00000, 0x00000000c6e00000|  0%| F|  |TAMS 0x00000000c6d00000, 0x00000000c6d00000| Untracked 
| 110|0x00000000c6e00000, 0x00000000c6e00000, 0x00000000c6f00000|  0%| F|  |TAMS 0x00000000c6e00000, 0x00000000c6e00000| Untracked 
| 111|0x00000000c6f00000, 0x00000000c6f00000, 0x00000000c7000000|  0%| F|  |TAMS 0x00000000c6f00000, 0x00000000c6f00000| Untracked 
| 112|0x00000000c7000000, 0x00000000c7000000, 0x00000000c7100000|  0%| F|  |TAMS 0x00000000c7000000, 0x00000000c7000000| Untracked 
| 113|0x00000000c7100000, 0x00000000c7100000, 0x00000000c7200000|  0%| F|  |TAMS 0x00000000c7100000, 0x00000000c7100000| Untracked 
| 114|0x00000000c7200000, 0x00000000c7200000, 0x00000000c7300000|  0%| F|  |TAMS 0x00000000c7200000, 0x00000000c7200000| Untracked 
| 115|0x00000000c7300000, 0x00000000c7300000, 0x00000000c7400000|  0%| F|  |TAMS 0x00000000c7300000, 0x00000000c7300000| Untracked 
| 116|0x00000000c7400000, 0x00000000c7400000, 0x00000000c7500000|  0%| F|  |TAMS 0x00000000c7400000, 0x00000000c7400000| Untracked 
| 117|0x00000000c7500000, 0x00000000c7500000, 0x00000000c7600000|  0%| F|  |TAMS 0x00000000c7500000, 0x00000000c7500000| Untracked 
| 118|0x00000000c7600000, 0x00000000c7600000, 0x00000000c7700000|  0%| F|  |TAMS 0x00000000c7600000, 0x00000000c7600000| Untracked 
| 119|0x00000000c7700000, 0x00000000c7700000, 0x00000000c7800000|  0%| F|  |TAMS 0x00000000c7700000, 0x00000000c7700000| Untracked 
| 120|0x00000000c7800000, 0x00000000c7800000, 0x00000000c7900000|  0%| F|  |TAMS 0x00000000c7800000, 0x00000000c7800000| Untracked 
| 121|0x00000000c7900000, 0x00000000c7900000, 0x00000000c7a00000|  0%| F|  |TAMS 0x00000000c7900000, 0x00000000c7900000| Untracked 
| 122|0x00000000c7a00000, 0x00000000c7a00000, 0x00000000c7b00000|  0%| F|  |TAMS 0x00000000c7a00000, 0x00000000c7a00000| Untracked 
| 123|0x00000000c7b00000, 0x00000000c7b00000, 0x00000000c7c00000|  0%| F|  |TAMS 0x00000000c7b00000, 0x00000000c7b00000| Untracked 
| 124|0x00000000c7c00000, 0x00000000c7c00000, 0x00000000c7d00000|  0%| F|  |TAMS 0x00000000c7c00000, 0x00000000c7c00000| Untracked 
| 125|0x00000000c7d00000, 0x00000000c7d00000, 0x00000000c7e00000|  0%| F|  |TAMS 0x00000000c7d00000, 0x00000000c7d00000| Untracked 
| 126|0x00000000c7e00000, 0x00000000c7e00000, 0x00000000c7f00000|  0%| F|  |TAMS 0x00000000c7e00000, 0x00000000c7e00000| Untracked 
| 127|0x00000000c7f00000, 0x00000000c7f00000, 0x00000000c8000000|  0%| F|  |TAMS 0x00000000c7f00000, 0x00000000c7f00000| Untracked 
| 128|0x00000000c8000000, 0x00000000c8000000, 0x00000000c8100000|  0%| F|  |TAMS 0x00000000c8000000, 0x00000000c8000000| Untracked 
| 129|0x00000000c8100000, 0x00000000c8100000, 0x00000000c8200000|  0%| F|  |TAMS 0x00000000c8100000, 0x00000000c8100000| Untracked 
| 130|0x00000000c8200000, 0x00000000c8200000, 0x00000000c8300000|  0%| F|  |TAMS 0x00000000c8200000, 0x00000000c8200000| Untracked 
| 131|0x00000000c8300000, 0x00000000c8300000, 0x00000000c8400000|  0%| F|  |TAMS 0x00000000c8300000, 0x00000000c8300000| Untracked 
| 132|0x00000000c8400000, 0x00000000c8400000, 0x00000000c8500000|  0%| F|  |TAMS 0x00000000c8400000, 0x00000000c8400000| Untracked 
| 133|0x00000000c8500000, 0x00000000c8500000, 0x00000000c8600000|  0%| F|  |TAMS 0x00000000c8500000, 0x00000000c8500000| Untracked 
| 134|0x00000000c8600000, 0x00000000c8600000, 0x00000000c8700000|  0%| F|  |TAMS 0x00000000c8600000, 0x00000000c8600000| Untracked 
| 135|0x00000000c8700000, 0x00000000c8700000, 0x00000000c8800000|  0%| F|  |TAMS 0x00000000c8700000, 0x00000000c8700000| Untracked 
| 136|0x00000000c8800000, 0x00000000c8800000, 0x00000000c8900000|  0%| F|  |TAMS 0x00000000c8800000, 0x00000000c8800000| Untracked 
| 137|0x00000000c8900000, 0x00000000c8900000, 0x00000000c8a00000|  0%| F|  |TAMS 0x00000000c8900000, 0x00000000c8900000| Untracked 
| 138|0x00000000c8a00000, 0x00000000c8a00000, 0x00000000c8b00000|  0%| F|  |TAMS 0x00000000c8a00000, 0x00000000c8a00000| Untracked 
| 139|0x00000000c8b00000, 0x00000000c8b00000, 0x00000000c8c00000|  0%| F|  |TAMS 0x00000000c8b00000, 0x00000000c8b00000| Untracked 
| 140|0x00000000c8c00000, 0x00000000c8c00000, 0x00000000c8d00000|  0%| F|  |TAMS 0x00000000c8c00000, 0x00000000c8c00000| Untracked 
| 141|0x00000000c8d00000, 0x00000000c8d00000, 0x00000000c8e00000|  0%| F|  |TAMS 0x00000000c8d00000, 0x00000000c8d00000| Untracked 
| 142|0x00000000c8e00000, 0x00000000c8e00000, 0x00000000c8f00000|  0%| F|  |TAMS 0x00000000c8e00000, 0x00000000c8e00000| Untracked 
| 143|0x00000000c8f00000, 0x00000000c8f00000, 0x00000000c9000000|  0%| F|  |TAMS 0x00000000c8f00000, 0x00000000c8f00000| Untracked 
| 144|0x00000000c9000000, 0x00000000c9000000, 0x00000000c9100000|  0%| F|  |TAMS 0x00000000c9000000, 0x00000000c9000000| Untracked 
| 145|0x00000000c9100000, 0x00000000c9100000, 0x00000000c9200000|  0%| F|  |TAMS 0x00000000c9100000, 0x00000000c9100000| Untracked 
| 146|0x00000000c9200000, 0x00000000c9200000, 0x00000000c9300000|  0%| F|  |TAMS 0x00000000c9200000, 0x00000000c9200000| Untracked 
| 147|0x00000000c9300000, 0x00000000c9300000, 0x00000000c9400000|  0%| F|  |TAMS 0x00000000c9300000, 0x00000000c9300000| Untracked 
| 148|0x00000000c9400000, 0x00000000c9400000, 0x00000000c9500000|  0%| F|  |TAMS 0x00000000c9400000, 0x00000000c9400000| Untracked 
| 149|0x00000000c9500000, 0x00000000c9500000, 0x00000000c9600000|  0%| F|  |TAMS 0x00000000c9500000, 0x00000000c9500000| Untracked 
| 150|0x00000000c9600000, 0x00000000c9600000, 0x00000000c9700000|  0%| F|  |TAMS 0x00000000c9600000, 0x00000000c9600000| Untracked 
| 151|0x00000000c9700000, 0x00000000c9700000, 0x00000000c9800000|  0%| F|  |TAMS 0x00000000c9700000, 0x00000000c9700000| Untracked 
| 152|0x00000000c9800000, 0x00000000c9800000, 0x00000000c9900000|  0%| F|  |TAMS 0x00000000c9800000, 0x00000000c9800000| Untracked 
| 153|0x00000000c9900000, 0x00000000c9900000, 0x00000000c9a00000|  0%| F|  |TAMS 0x00000000c9900000, 0x00000000c9900000| Untracked 
| 154|0x00000000c9a00000, 0x00000000c9a00000, 0x00000000c9b00000|  0%| F|  |TAMS 0x00000000c9a00000, 0x00000000c9a00000| Untracked 
| 155|0x00000000c9b00000, 0x00000000c9b00000, 0x00000000c9c00000|  0%| F|  |TAMS 0x00000000c9b00000, 0x00000000c9b00000| Untracked 
| 156|0x00000000c9c00000, 0x00000000c9c00000, 0x00000000c9d00000|  0%| F|  |TAMS 0x00000000c9c00000, 0x00000000c9c00000| Untracked 
| 157|0x00000000c9d00000, 0x00000000c9d00000, 0x00000000c9e00000|  0%| F|  |TAMS 0x00000000c9d00000, 0x00000000c9d00000| Untracked 
| 158|0x00000000c9e00000, 0x00000000c9e00000, 0x00000000c9f00000|  0%| F|  |TAMS 0x00000000c9e00000, 0x00000000c9e00000| Untracked 
| 159|0x00000000c9f00000, 0x00000000c9f00000, 0x00000000ca000000|  0%| F|  |TAMS 0x00000000c9f00000, 0x00000000c9f00000| Untracked 
| 160|0x00000000ca000000, 0x00000000ca000000, 0x00000000ca100000|  0%| F|  |TAMS 0x00000000ca000000, 0x00000000ca000000| Untracked 
| 161|0x00000000ca100000, 0x00000000ca100000, 0x00000000ca200000|  0%| F|  |TAMS 0x00000000ca100000, 0x00000000ca100000| Untracked 
| 162|0x00000000ca200000, 0x00000000ca200000, 0x00000000ca300000|  0%| F|  |TAMS 0x00000000ca200000, 0x00000000ca200000| Untracked 
| 163|0x00000000ca300000, 0x00000000ca300000, 0x00000000ca400000|  0%| F|  |TAMS 0x00000000ca300000, 0x00000000ca300000| Untracked 
| 164|0x00000000ca400000, 0x00000000ca400000, 0x00000000ca500000|  0%| F|  |TAMS 0x00000000ca400000, 0x00000000ca400000| Untracked 
| 165|0x00000000ca500000, 0x00000000ca500000, 0x00000000ca600000|  0%| F|  |TAMS 0x00000000ca500000, 0x00000000ca500000| Untracked 
| 166|0x00000000ca600000, 0x00000000ca600000, 0x00000000ca700000|  0%| F|  |TAMS 0x00000000ca600000, 0x00000000ca600000| Untracked 
| 167|0x00000000ca700000, 0x00000000ca700000, 0x00000000ca800000|  0%| F|  |TAMS 0x00000000ca700000, 0x00000000ca700000| Untracked 
| 168|0x00000000ca800000, 0x00000000ca800000, 0x00000000ca900000|  0%| F|  |TAMS 0x00000000ca800000, 0x00000000ca800000| Untracked 
| 169|0x00000000ca900000, 0x00000000ca900000, 0x00000000caa00000|  0%| F|  |TAMS 0x00000000ca900000, 0x00000000ca900000| Untracked 
| 170|0x00000000caa00000, 0x00000000caa00000, 0x00000000cab00000|  0%| F|  |TAMS 0x00000000caa00000, 0x00000000caa00000| Untracked 
| 171|0x00000000cab00000, 0x00000000cab00000, 0x00000000cac00000|  0%| F|  |TAMS 0x00000000cab00000, 0x00000000cab00000| Untracked 
| 172|0x00000000cac00000, 0x00000000cac00000, 0x00000000cad00000|  0%| F|  |TAMS 0x00000000cac00000, 0x00000000cac00000| Untracked 
| 173|0x00000000cad00000, 0x00000000cae00000, 0x00000000cae00000|100%| O|  |TAMS 0x00000000cae00000, 0x00000000cae00000| Untracked 
| 174|0x00000000cae00000, 0x00000000cae00000, 0x00000000caf00000|  0%| F|  |TAMS 0x00000000cae00000, 0x00000000cae00000| Untracked 
| 175|0x00000000caf00000, 0x00000000caf00000, 0x00000000cb000000|  0%| F|  |TAMS 0x00000000caf00000, 0x00000000caf00000| Untracked 
| 176|0x00000000cb000000, 0x00000000cb000000, 0x00000000cb100000|  0%| F|  |TAMS 0x00000000cb000000, 0x00000000cb000000| Untracked 
| 177|0x00000000cb100000, 0x00000000cb100000, 0x00000000cb200000|  0%| F|  |TAMS 0x00000000cb100000, 0x00000000cb100000| Untracked 
| 178|0x00000000cb200000, 0x00000000cb200000, 0x00000000cb300000|  0%| F|  |TAMS 0x00000000cb200000, 0x00000000cb200000| Untracked 
| 179|0x00000000cb300000, 0x00000000cb300000, 0x00000000cb400000|  0%| F|  |TAMS 0x00000000cb300000, 0x00000000cb300000| Untracked 
| 180|0x00000000cb400000, 0x00000000cb400000, 0x00000000cb500000|  0%| F|  |TAMS 0x00000000cb400000, 0x00000000cb400000| Untracked 
| 181|0x00000000cb500000, 0x00000000cb500000, 0x00000000cb600000|  0%| F|  |TAMS 0x00000000cb500000, 0x00000000cb500000| Untracked 
| 182|0x00000000cb600000, 0x00000000cb600000, 0x00000000cb700000|  0%| F|  |TAMS 0x00000000cb600000, 0x00000000cb600000| Untracked 
| 183|0x00000000cb700000, 0x00000000cb700000, 0x00000000cb800000|  0%| F|  |TAMS 0x00000000cb700000, 0x00000000cb700000| Untracked 
| 184|0x00000000cb800000, 0x00000000cb800000, 0x00000000cb900000|  0%| F|  |TAMS 0x00000000cb800000, 0x00000000cb800000| Untracked 
| 185|0x00000000cb900000, 0x00000000cb900000, 0x00000000cba00000|  0%| F|  |TAMS 0x00000000cb900000, 0x00000000cb900000| Untracked 
| 186|0x00000000cba00000, 0x00000000cba00000, 0x00000000cbb00000|  0%| F|  |TAMS 0x00000000cba00000, 0x00000000cba00000| Untracked 
| 187|0x00000000cbb00000, 0x00000000cbb00000, 0x00000000cbc00000|  0%| F|  |TAMS 0x00000000cbb00000, 0x00000000cbb00000| Untracked 
| 188|0x00000000cbc00000, 0x00000000cbc00000, 0x00000000cbd00000|  0%| F|  |TAMS 0x00000000cbc00000, 0x00000000cbc00000| Untracked 
| 189|0x00000000cbd00000, 0x00000000cbd00000, 0x00000000cbe00000|  0%| F|  |TAMS 0x00000000cbd00000, 0x00000000cbd00000| Untracked 
| 190|0x00000000cbe00000, 0x00000000cbe00000, 0x00000000cbf00000|  0%| F|  |TAMS 0x00000000cbe00000, 0x00000000cbe00000| Untracked 
| 191|0x00000000cbf00000, 0x00000000cbf00000, 0x00000000cc000000|  0%| F|  |TAMS 0x00000000cbf00000, 0x00000000cbf00000| Untracked 
| 192|0x00000000cc000000, 0x00000000cc000000, 0x00000000cc100000|  0%| F|  |TAMS 0x00000000cc000000, 0x00000000cc000000| Untracked 
| 193|0x00000000cc100000, 0x00000000cc100000, 0x00000000cc200000|  0%| F|  |TAMS 0x00000000cc100000, 0x00000000cc100000| Untracked 
| 194|0x00000000cc200000, 0x00000000cc200000, 0x00000000cc300000|  0%| F|  |TAMS 0x00000000cc200000, 0x00000000cc200000| Untracked 
| 195|0x00000000cc300000, 0x00000000cc300000, 0x00000000cc400000|  0%| F|  |TAMS 0x00000000cc300000, 0x00000000cc300000| Untracked 
| 196|0x00000000cc400000, 0x00000000cc400000, 0x00000000cc500000|  0%| F|  |TAMS 0x00000000cc400000, 0x00000000cc400000| Untracked 
| 197|0x00000000cc500000, 0x00000000cc500000, 0x00000000cc600000|  0%| F|  |TAMS 0x00000000cc500000, 0x00000000cc500000| Untracked 
| 198|0x00000000cc600000, 0x00000000cc700000, 0x00000000cc700000|100%| O|  |TAMS 0x00000000cc700000, 0x00000000cc700000| Untracked 
| 199|0x00000000cc700000, 0x00000000cc700000, 0x00000000cc800000|  0%| F|  |TAMS 0x00000000cc700000, 0x00000000cc700000| Untracked 
| 200|0x00000000cc800000, 0x00000000cc900000, 0x00000000cc900000|100%| O|  |TAMS 0x00000000cc900000, 0x00000000cc900000| Untracked 
| 201|0x00000000cc900000, 0x00000000cc900000, 0x00000000cca00000|  0%| F|  |TAMS 0x00000000cc900000, 0x00000000cc900000| Untracked 
| 202|0x00000000cca00000, 0x00000000cca00000, 0x00000000ccb00000|  0%| F|  |TAMS 0x00000000cca00000, 0x00000000cca00000| Untracked 
| 203|0x00000000ccb00000, 0x00000000ccb00000, 0x00000000ccc00000|  0%| F|  |TAMS 0x00000000ccb00000, 0x00000000ccb00000| Untracked 
| 204|0x00000000ccc00000, 0x00000000ccc600d0, 0x00000000ccd00000| 37%| S|CS|TAMS 0x00000000ccc00000, 0x00000000ccc00000| Complete 
| 205|0x00000000ccd00000, 0x00000000cce00000, 0x00000000cce00000|100%| S|CS|TAMS 0x00000000ccd00000, 0x00000000ccd00000| Complete 
| 206|0x00000000cce00000, 0x00000000ccf00000, 0x00000000ccf00000|100%| S|CS|TAMS 0x00000000cce00000, 0x00000000cce00000| Complete 
| 207|0x00000000ccf00000, 0x00000000cd000000, 0x00000000cd000000|100%| S|CS|TAMS 0x00000000ccf00000, 0x00000000ccf00000| Complete 
| 208|0x00000000cd000000, 0x00000000cd100000, 0x00000000cd100000|100%| S|CS|TAMS 0x00000000cd000000, 0x00000000cd000000| Complete 
| 209|0x00000000cd100000, 0x00000000cd100000, 0x00000000cd200000|  0%| F|  |TAMS 0x00000000cd100000, 0x00000000cd100000| Untracked 
| 210|0x00000000cd200000, 0x00000000cd200000, 0x00000000cd300000|  0%| F|  |TAMS 0x00000000cd200000, 0x00000000cd200000| Untracked 
| 211|0x00000000cd300000, 0x00000000cd300000, 0x00000000cd400000|  0%| F|  |TAMS 0x00000000cd300000, 0x00000000cd300000| Untracked 
| 212|0x00000000cd400000, 0x00000000cd400000, 0x00000000cd500000|  0%| F|  |TAMS 0x00000000cd400000, 0x00000000cd400000| Untracked 
| 213|0x00000000cd500000, 0x00000000cd500000, 0x00000000cd600000|  0%| F|  |TAMS 0x00000000cd500000, 0x00000000cd500000| Untracked 
| 214|0x00000000cd600000, 0x00000000cd600000, 0x00000000cd700000|  0%| F|  |TAMS 0x00000000cd600000, 0x00000000cd600000| Untracked 
| 215|0x00000000cd700000, 0x00000000cd800000, 0x00000000cd800000|100%| O|  |TAMS 0x00000000cd800000, 0x00000000cd800000| Untracked 
| 216|0x00000000cd800000, 0x00000000cd800000, 0x00000000cd900000|  0%| F|  |TAMS 0x00000000cd800000, 0x00000000cd800000| Untracked 
| 217|0x00000000cd900000, 0x00000000cd900000, 0x00000000cda00000|  0%| F|  |TAMS 0x00000000cd900000, 0x00000000cd900000| Untracked 
| 218|0x00000000cda00000, 0x00000000cda00000, 0x00000000cdb00000|  0%| F|  |TAMS 0x00000000cda00000, 0x00000000cda00000| Untracked 
| 219|0x00000000cdb00000, 0x00000000cdb00000, 0x00000000cdc00000|  0%| F|  |TAMS 0x00000000cdb00000, 0x00000000cdb00000| Untracked 
| 220|0x00000000cdc00000, 0x00000000cdc00000, 0x00000000cdd00000|  0%| F|  |TAMS 0x00000000cdc00000, 0x00000000cdc00000| Untracked 
| 221|0x00000000cdd00000, 0x00000000cdd00000, 0x00000000cde00000|  0%| F|  |TAMS 0x00000000cdd00000, 0x00000000cdd00000| Untracked 
| 222|0x00000000cde00000, 0x00000000cdf00000, 0x00000000cdf00000|100%| O|  |TAMS 0x00000000cdf00000, 0x00000000cdf00000| Untracked 
| 223|0x00000000cdf00000, 0x00000000ce000000, 0x00000000ce000000|100%| O|  |TAMS 0x00000000ce000000, 0x00000000ce000000| Untracked 
| 224|0x00000000ce000000, 0x00000000ce000000, 0x00000000ce100000|  0%| F|  |TAMS 0x00000000ce000000, 0x00000000ce000000| Untracked 
| 225|0x00000000ce100000, 0x00000000ce100000, 0x00000000ce200000|  0%| F|  |TAMS 0x00000000ce100000, 0x00000000ce100000| Untracked 
| 226|0x00000000ce200000, 0x00000000ce200000, 0x00000000ce300000|  0%| F|  |TAMS 0x00000000ce200000, 0x00000000ce200000| Untracked 
| 227|0x00000000ce300000, 0x00000000ce300000, 0x00000000ce400000|  0%| F|  |TAMS 0x00000000ce300000, 0x00000000ce300000| Untracked 
| 228|0x00000000ce400000, 0x00000000ce400000, 0x00000000ce500000|  0%| F|  |TAMS 0x00000000ce400000, 0x00000000ce400000| Untracked 
| 229|0x00000000ce500000, 0x00000000ce500000, 0x00000000ce600000|  0%| F|  |TAMS 0x00000000ce500000, 0x00000000ce500000| Untracked 
| 230|0x00000000ce600000, 0x00000000ce600000, 0x00000000ce700000|  0%| F|  |TAMS 0x00000000ce600000, 0x00000000ce600000| Untracked 
| 231|0x00000000ce700000, 0x00000000ce700000, 0x00000000ce800000|  0%| F|  |TAMS 0x00000000ce700000, 0x00000000ce700000| Untracked 
| 232|0x00000000ce800000, 0x00000000ce800000, 0x00000000ce900000|  0%| F|  |TAMS 0x00000000ce800000, 0x00000000ce800000| Untracked 
| 233|0x00000000ce900000, 0x00000000ce900000, 0x00000000cea00000|  0%| F|  |TAMS 0x00000000ce900000, 0x00000000ce900000| Untracked 
| 234|0x00000000cea00000, 0x00000000cea00000, 0x00000000ceb00000|  0%| F|  |TAMS 0x00000000cea00000, 0x00000000cea00000| Untracked 
| 235|0x00000000ceb00000, 0x00000000ceb00000, 0x00000000cec00000|  0%| F|  |TAMS 0x00000000ceb00000, 0x00000000ceb00000| Untracked 
| 236|0x00000000cec00000, 0x00000000cec00000, 0x00000000ced00000|  0%| F|  |TAMS 0x00000000cec00000, 0x00000000cec00000| Untracked 
| 237|0x00000000ced00000, 0x00000000ced00000, 0x00000000cee00000|  0%| F|  |TAMS 0x00000000ced00000, 0x00000000ced00000| Untracked 
| 238|0x00000000cee00000, 0x00000000cee00000, 0x00000000cef00000|  0%| F|  |TAMS 0x00000000cee00000, 0x00000000cee00000| Untracked 
| 239|0x00000000cef00000, 0x00000000cef00000, 0x00000000cf000000|  0%| F|  |TAMS 0x00000000cef00000, 0x00000000cef00000| Untracked 
| 240|0x00000000cf000000, 0x00000000cf000000, 0x00000000cf100000|  0%| F|  |TAMS 0x00000000cf000000, 0x00000000cf000000| Untracked 
| 241|0x00000000cf100000, 0x00000000cf100000, 0x00000000cf200000|  0%| F|  |TAMS 0x00000000cf100000, 0x00000000cf100000| Untracked 
| 242|0x00000000cf200000, 0x00000000cf200000, 0x00000000cf300000|  0%| F|  |TAMS 0x00000000cf200000, 0x00000000cf200000| Untracked 
| 243|0x00000000cf300000, 0x00000000cf300000, 0x00000000cf400000|  0%| F|  |TAMS 0x00000000cf300000, 0x00000000cf300000| Untracked 
| 244|0x00000000cf400000, 0x00000000cf400000, 0x00000000cf500000|  0%| F|  |TAMS 0x00000000cf400000, 0x00000000cf400000| Untracked 
| 245|0x00000000cf500000, 0x00000000cf500000, 0x00000000cf600000|  0%| F|  |TAMS 0x00000000cf500000, 0x00000000cf500000| Untracked 
| 246|0x00000000cf600000, 0x00000000cf600000, 0x00000000cf700000|  0%| F|  |TAMS 0x00000000cf600000, 0x00000000cf600000| Untracked 
| 247|0x00000000cf700000, 0x00000000cf700000, 0x00000000cf800000|  0%| F|  |TAMS 0x00000000cf700000, 0x00000000cf700000| Untracked 
| 248|0x00000000cf800000, 0x00000000cf800000, 0x00000000cf900000|  0%| F|  |TAMS 0x00000000cf800000, 0x00000000cf800000| Untracked 
| 249|0x00000000cf900000, 0x00000000cf900000, 0x00000000cfa00000|  0%| F|  |TAMS 0x00000000cf900000, 0x00000000cf900000| Untracked 
| 250|0x00000000cfa00000, 0x00000000cfa00000, 0x00000000cfb00000|  0%| F|  |TAMS 0x00000000cfa00000, 0x00000000cfa00000| Untracked 
| 251|0x00000000cfb00000, 0x00000000cfb00000, 0x00000000cfc00000|  0%| F|  |TAMS 0x00000000cfb00000, 0x00000000cfb00000| Untracked 
| 252|0x00000000cfc00000, 0x00000000cfc00000, 0x00000000cfd00000|  0%| F|  |TAMS 0x00000000cfc00000, 0x00000000cfc00000| Untracked 
| 253|0x00000000cfd00000, 0x00000000cfd00000, 0x00000000cfe00000|  0%| F|  |TAMS 0x00000000cfd00000, 0x00000000cfd00000| Untracked 
| 254|0x00000000cfe00000, 0x00000000cfe00000, 0x00000000cff00000|  0%| F|  |TAMS 0x00000000cfe00000, 0x00000000cfe00000| Untracked 
| 255|0x00000000cff00000, 0x00000000cff00000, 0x00000000d0000000|  0%| F|  |TAMS 0x00000000cff00000, 0x00000000cff00000| Untracked 
| 256|0x00000000d0000000, 0x00000000d0000000, 0x00000000d0100000|  0%| F|  |TAMS 0x00000000d0000000, 0x00000000d0000000| Untracked 
| 257|0x00000000d0100000, 0x00000000d0100000, 0x00000000d0200000|  0%| F|  |TAMS 0x00000000d0100000, 0x00000000d0100000| Untracked 
| 258|0x00000000d0200000, 0x00000000d0200000, 0x00000000d0300000|  0%| F|  |TAMS 0x00000000d0200000, 0x00000000d0200000| Untracked 
| 259|0x00000000d0300000, 0x00000000d0300000, 0x00000000d0400000|  0%| F|  |TAMS 0x00000000d0300000, 0x00000000d0300000| Untracked 
| 260|0x00000000d0400000, 0x00000000d0400000, 0x00000000d0500000|  0%| F|  |TAMS 0x00000000d0400000, 0x00000000d0400000| Untracked 
| 261|0x00000000d0500000, 0x00000000d0500000, 0x00000000d0600000|  0%| F|  |TAMS 0x00000000d0500000, 0x00000000d0500000| Untracked 
| 262|0x00000000d0600000, 0x00000000d0600000, 0x00000000d0700000|  0%| F|  |TAMS 0x00000000d0600000, 0x00000000d0600000| Untracked 
| 263|0x00000000d0700000, 0x00000000d0700000, 0x00000000d0800000|  0%| F|  |TAMS 0x00000000d0700000, 0x00000000d0700000| Untracked 
| 264|0x00000000d0800000, 0x00000000d0800000, 0x00000000d0900000|  0%| F|  |TAMS 0x00000000d0800000, 0x00000000d0800000| Untracked 
| 265|0x00000000d0900000, 0x00000000d0900000, 0x00000000d0a00000|  0%| F|  |TAMS 0x00000000d0900000, 0x00000000d0900000| Untracked 
| 266|0x00000000d0a00000, 0x00000000d0a00000, 0x00000000d0b00000|  0%| F|  |TAMS 0x00000000d0a00000, 0x00000000d0a00000| Untracked 
| 267|0x00000000d0b00000, 0x00000000d0b00000, 0x00000000d0c00000|  0%| F|  |TAMS 0x00000000d0b00000, 0x00000000d0b00000| Untracked 
| 268|0x00000000d0c00000, 0x00000000d0c00000, 0x00000000d0d00000|  0%| F|  |TAMS 0x00000000d0c00000, 0x00000000d0c00000| Untracked 
| 269|0x00000000d0d00000, 0x00000000d0d00000, 0x00000000d0e00000|  0%| F|  |TAMS 0x00000000d0d00000, 0x00000000d0d00000| Untracked 
| 270|0x00000000d0e00000, 0x00000000d0e00000, 0x00000000d0f00000|  0%| F|  |TAMS 0x00000000d0e00000, 0x00000000d0e00000| Untracked 
| 271|0x00000000d0f00000, 0x00000000d0f00000, 0x00000000d1000000|  0%| F|  |TAMS 0x00000000d0f00000, 0x00000000d0f00000| Untracked 
| 272|0x00000000d1000000, 0x00000000d1000000, 0x00000000d1100000|  0%| F|  |TAMS 0x00000000d1000000, 0x00000000d1000000| Untracked 
| 273|0x00000000d1100000, 0x00000000d1100000, 0x00000000d1200000|  0%| F|  |TAMS 0x00000000d1100000, 0x00000000d1100000| Untracked 
| 274|0x00000000d1200000, 0x00000000d1200000, 0x00000000d1300000|  0%| F|  |TAMS 0x00000000d1200000, 0x00000000d1200000| Untracked 
| 275|0x00000000d1300000, 0x00000000d1300000, 0x00000000d1400000|  0%| F|  |TAMS 0x00000000d1300000, 0x00000000d1300000| Untracked 
| 276|0x00000000d1400000, 0x00000000d1400000, 0x00000000d1500000|  0%| F|  |TAMS 0x00000000d1400000, 0x00000000d1400000| Untracked 
| 277|0x00000000d1500000, 0x00000000d1500000, 0x00000000d1600000|  0%| F|  |TAMS 0x00000000d1500000, 0x00000000d1500000| Untracked 
| 278|0x00000000d1600000, 0x00000000d1600000, 0x00000000d1700000|  0%| F|  |TAMS 0x00000000d1600000, 0x00000000d1600000| Untracked 
| 279|0x00000000d1700000, 0x00000000d1700000, 0x00000000d1800000|  0%| F|  |TAMS 0x00000000d1700000, 0x00000000d1700000| Untracked 
| 280|0x00000000d1800000, 0x00000000d1800000, 0x00000000d1900000|  0%| F|  |TAMS 0x00000000d1800000, 0x00000000d1800000| Untracked 
| 281|0x00000000d1900000, 0x00000000d1900000, 0x00000000d1a00000|  0%| F|  |TAMS 0x00000000d1900000, 0x00000000d1900000| Untracked 
| 282|0x00000000d1a00000, 0x00000000d1a00000, 0x00000000d1b00000|  0%| F|  |TAMS 0x00000000d1a00000, 0x00000000d1a00000| Untracked 
| 283|0x00000000d1b00000, 0x00000000d1b00000, 0x00000000d1c00000|  0%| F|  |TAMS 0x00000000d1b00000, 0x00000000d1b00000| Untracked 
| 284|0x00000000d1c00000, 0x00000000d1c00000, 0x00000000d1d00000|  0%| F|  |TAMS 0x00000000d1c00000, 0x00000000d1c00000| Untracked 
| 285|0x00000000d1d00000, 0x00000000d1d00000, 0x00000000d1e00000|  0%| F|  |TAMS 0x00000000d1d00000, 0x00000000d1d00000| Untracked 
| 286|0x00000000d1e00000, 0x00000000d1e8a388, 0x00000000d1f00000| 53%| E|  |TAMS 0x00000000d1e00000, 0x00000000d1e00000| Complete 
| 287|0x00000000d1f00000, 0x00000000d2000000, 0x00000000d2000000|100%| E|CS|TAMS 0x00000000d1f00000, 0x00000000d1f00000| Complete 
| 288|0x00000000d2000000, 0x00000000d2100000, 0x00000000d2100000|100%| E|CS|TAMS 0x00000000d2000000, 0x00000000d2000000| Complete 
| 289|0x00000000d2100000, 0x00000000d2200000, 0x00000000d2200000|100%| E|CS|TAMS 0x00000000d2100000, 0x00000000d2100000| Complete 
| 290|0x00000000d2200000, 0x00000000d2300000, 0x00000000d2300000|100%| E|CS|TAMS 0x00000000d2200000, 0x00000000d2200000| Complete 
| 291|0x00000000d2300000, 0x00000000d2400000, 0x00000000d2400000|100%| E|CS|TAMS 0x00000000d2300000, 0x00000000d2300000| Complete 
| 292|0x00000000d2400000, 0x00000000d2500000, 0x00000000d2500000|100%| E|CS|TAMS 0x00000000d2400000, 0x00000000d2400000| Complete 

Card table byte_map: [0x000002639b730000,0x000002639b930000] _byte_map_base: 0x000002639b130000

Marking Bits (Prev, Next): (CMBitMap*) 0x0000026384237140, (CMBitMap*) 0x0000026384237108
 Prev Bits: [0x000002639cb30000, 0x000002639db30000)
 Next Bits: [0x000002639bb30000, 0x000002639cb30000)

Polling page: 0x00000263839e0000

Metaspace:

Usage:
  Non-class:     62.80 MB capacity,    61.02 MB ( 97%) used,     1.66 MB (  3%) free+waste,   127.69 KB ( <1%) overhead. 
      Class:      7.42 MB capacity,     6.46 MB ( 87%) used,   926.98 KB ( 12%) free+waste,    55.81 KB ( <1%) overhead. 
       Both:     70.23 MB capacity,    67.48 MB ( 96%) used,     2.57 MB (  4%) free+waste,   183.50 KB ( <1%) overhead. 

Virtual space:
  Non-class space:       64.00 MB reserved,      62.83 MB ( 98%) committed 
      Class space:        1.00 GB reserved,       7.50 MB ( <1%) committed 
             Both:        1.06 GB reserved,      70.33 MB (  6%) committed 

Chunk freelists:
   Non-Class:  3.13 KB
       Class:  1.88 KB
        Both:  5.00 KB

CodeHeap 'non-profiled nmethods': size=120064Kb used=7319Kb max_used=7393Kb free=112744Kb
 bounds [0x0000026393ff0000, 0x0000026394770000, 0x000002639b530000]
CodeHeap 'profiled nmethods': size=120000Kb used=26621Kb max_used=26621Kb free=93378Kb
 bounds [0x000002638cac0000, 0x000002638e4e0000, 0x0000026393ff0000]
CodeHeap 'non-nmethods': size=5696Kb used=1266Kb max_used=1336Kb free=4429Kb
 bounds [0x000002638c530000, 0x000002638c7a0000, 0x000002638cac0000]
 total_blobs=16496 nmethods=10251 adapters=575
 compilation: enabled
              stopped_count=0, restarted_count=0
 full_count=0

Compilation events (10 events):
Event: 1569.409 Thread 0x00000263a0828000 12541   !   3       org.eclipse.jdt.internal.core.JavaProjectElementInfo::initializePackageNames (123 bytes)
Event: 1569.411 Thread 0x00000263a0828000 nmethod 12541 0x000002638e4d5a10 code [0x000002638e4d5ce0, 0x000002638e4d6ea0]
Event: 1569.433 Thread 0x00000263a0828000 12543       3       com.sun.crypto.provider.AESCrypt::decryptBlock (29 bytes)
Event: 1569.434 Thread 0x00000263a0828000 nmethod 12543 0x000002638e4d7510 code [0x000002638e4d7720, 0x000002638e4d7bf0]
Event: 1569.435 Thread 0x00000263a0828000 12544       3       com.sun.crypto.provider.AESCrypt::implDecryptBlock (3852 bytes)
Event: 1569.442 Thread 0x00000263a0828000 nmethod 12544 0x000002638e4d7e10 code [0x000002638e4d82a0, 0x000002638e4dc1f8]
Event: 1569.447 Thread 0x00000263a0828000 12545 %     3       com.sun.crypto.provider.CipherBlockChaining::implDecrypt @ 28 (102 bytes)
Event: 1569.448 Thread 0x00000263a0828000 nmethod 12545% 0x000002638e4de190 code [0x000002638e4de3a0, 0x000002638e4dea80]
Event: 1569.448 Thread 0x00000263a0828000 12546       3       com.sun.crypto.provider.CipherBlockChaining::implDecrypt (102 bytes)
Event: 1569.449 Thread 0x00000263a0828000 nmethod 12546 0x000002638e4ded10 code [0x000002638e4def00, 0x000002638e4df440]

GC Heap History (10 events):
Event: 416.706 GC heap before
{Heap before GC invocations=382 (full 0):
 garbage-first heap   total 300032K, used 68306K [0x00000000c0000000, 0x0000000100000000)
  region size 1024K, 3 young (3072K), 2 survivors (2048K)
 Metaspace       used 57261K, capacity 59725K, committed 59984K, reserved 1103872K
  class space    used 5623K, capacity 6535K, committed 6656K, reserved 1048576K
}
Event: 416.711 GC heap after
{Heap after GC invocations=383 (full 0):
 garbage-first heap   total 300032K, used 53941K [0x00000000c0000000, 0x0000000100000000)
  region size 1024K, 2 young (2048K), 2 survivors (2048K)
 Metaspace       used 57261K, capacity 59725K, committed 59984K, reserved 1103872K
  class space    used 5623K, capacity 6535K, committed 6656K, reserved 1048576K
}
Event: 422.198 GC heap before
{Heap before GC invocations=384 (full 0):
 garbage-first heap   total 300032K, used 81589K [0x00000000c0000000, 0x0000000100000000)
  region size 1024K, 6 young (6144K), 2 survivors (2048K)
 Metaspace       used 57261K, capacity 59725K, committed 59984K, reserved 1103872K
  class space    used 5623K, capacity 6535K, committed 6656K, reserved 1048576K
}
Event: 422.204 GC heap after
{Heap after GC invocations=385 (full 0):
 garbage-first heap   total 300032K, used 54058K [0x00000000c0000000, 0x0000000100000000)
  region size 1024K, 2 young (2048K), 2 survivors (2048K)
 Metaspace       used 57261K, capacity 59725K, committed 59984K, reserved 1103872K
  class space    used 5623K, capacity 6535K, committed 6656K, reserved 1048576K
}
Event: 464.125 GC heap before
{Heap before GC invocations=386 (full 0):
 garbage-first heap   total 300032K, used 160554K [0x00000000c0000000, 0x0000000100000000)
  region size 1024K, 95 young (97280K), 2 survivors (2048K)
 Metaspace       used 64994K, capacity 67639K, committed 67920K, reserved 1110016K
  class space    used 6387K, capacity 7390K, committed 7424K, reserved 1048576K
}
Event: 464.140 GC heap after
{Heap after GC invocations=387 (full 0):
 garbage-first heap   total 300032K, used 63750K [0x00000000c0000000, 0x0000000100000000)
  region size 1024K, 12 young (12288K), 12 survivors (12288K)
 Metaspace       used 64994K, capacity 67639K, committed 67920K, reserved 1110016K
  class space    used 6387K, capacity 7390K, committed 7424K, reserved 1048576K
}
Event: 1501.710 GC heap before
{Heap before GC invocations=387 (full 0):
 garbage-first heap   total 300032K, used 164102K [0x00000000c0000000, 0x0000000100000000)
  region size 1024K, 111 young (113664K), 12 survivors (12288K)
 Metaspace       used 67455K, capacity 70095K, committed 70352K, reserved 1112064K
  class space    used 6533K, capacity 7514K, committed 7552K, reserved 1048576K
}
Event: 1501.729 GC heap after
{Heap after GC invocations=388 (full 0):
 garbage-first heap   total 300032K, used 64513K [0x00000000c0000000, 0x0000000100000000)
  region size 1024K, 4 young (4096K), 4 survivors (4096K)
 Metaspace       used 67455K, capacity 70095K, committed 70352K, reserved 1112064K
  class space    used 6533K, capacity 7514K, committed 7552K, reserved 1048576K
}
Event: 1569.345 GC heap before
{Heap before GC invocations=388 (full 0):
 garbage-first heap   total 300032K, used 145409K [0x00000000c0000000, 0x0000000100000000)
  region size 1024K, 85 young (87040K), 4 survivors (4096K)
 Metaspace       used 69083K, capacity 71848K, committed 72016K, reserved 1114112K
  class space    used 6616K, capacity 7601K, committed 7680K, reserved 1048576K
}
Event: 1569.355 GC heap after
{Heap after GC invocations=389 (full 0):
 garbage-first heap   total 300032K, used 65024K [0x00000000c0000000, 0x0000000100000000)
  region size 1024K, 5 young (5120K), 5 survivors (5120K)
 Metaspace       used 69083K, capacity 71848K, committed 72016K, reserved 1114112K
  class space    used 6616K, capacity 7601K, committed 7680K, reserved 1048576K
}

Deoptimization events (10 events):
Event: 1569.042 Thread 0x00000263a6f91800 Uncommon trap: reason=unstable_if action=reinterpret pc=0x00000263944a740c method=org.eclipse.core.runtime.Path.initialize(Ljava/lang/String;Ljava/lang/String;Z)Lorg/eclipse/core/runtime/IPath; @ 119 c2
Event: 1569.042 Thread 0x00000263a6f91800 Uncommon trap: reason=unstable_if action=reinterpret pc=0x00000263942c2cc0 method=org.eclipse.core.runtime.Path.computeSegments(Ljava/lang/String;)[Ljava/lang/String; @ 77 c2
Event: 1569.044 Thread 0x00000263a6f91800 Uncommon trap: reason=array_check action=maybe_recompile pc=0x000002639470b25c method=org.eclipse.jdt.internal.compiler.classfmt.ModuleInfo.readModuleAttribute(I)V @ 1029 c2
Event: 1569.044 Thread 0x00000263a6f91800 Uncommon trap: reason=array_check action=maybe_recompile pc=0x000002639470b25c method=org.eclipse.jdt.internal.compiler.classfmt.ModuleInfo.readModuleAttribute(I)V @ 1029 c2
Event: 1569.044 Thread 0x00000263a6f91800 Uncommon trap: reason=array_check action=maybe_recompile pc=0x000002639470b25c method=org.eclipse.jdt.internal.compiler.classfmt.ModuleInfo.readModuleAttribute(I)V @ 1029 c2
Event: 1569.070 Thread 0x00000263a6f92800 Uncommon trap: reason=class_check action=maybe_recompile pc=0x00000263940fc9fc method=java.nio.file.Files.newByteChannel(Ljava/nio/file/Path;Ljava/util/Set;[Ljava/nio/file/attribute/FileAttribute;)Ljava/nio/channels/SeekableByteChannel; @ 7 c2
Event: 1569.104 Thread 0x00000263a6f95800 Uncommon trap: reason=unstable_if action=reinterpret pc=0x0000026394623d98 method=java.lang.Module.getLayer()Ljava/lang/ModuleLayer; @ 13 c2
Event: 1569.104 Thread 0x00000263a6f95800 Uncommon trap: reason=unstable_if action=reinterpret pc=0x0000026394622b68 method=java.lang.Module.getLayer()Ljava/lang/ModuleLayer; @ 13 c2
Event: 1569.241 Thread 0x00000263a6f94000 Uncommon trap: reason=unstable_if action=reinterpret pc=0x000002639444128c method=java.util.zip.ZipFile.getInputStream(Ljava/util/zip/ZipEntry;)Ljava/io/InputStream; @ 152 c2
Event: 1569.345 Thread 0x00000263a6f92800 Uncommon trap: reason=unstable_if action=reinterpret pc=0x00000263944360c4 method=java.nio.file.Files.readAllBytes(Ljava/nio/file/Path;)[B @ 18 c2

Classes redefined (0 events):
No events

Internal exceptions (10 events):
Event: 1568.859 Thread 0x00000263a6f95000 Exception <a 'java/lang/ArrayIndexOutOfBoundsException'{0x00000000ce15aa40}> (0x00000000ce15aa40) thrown at [t:/workspace/open/src/hotspot/share/runtime/sharedRuntime.cpp, line 584]
Event: 1568.859 Thread 0x00000263a6f95000 Exception <a 'java/lang/ArrayIndexOutOfBoundsException'{0x00000000ce15b310}> (0x00000000ce15b310) thrown at [t:/workspace/open/src/hotspot/share/runtime/sharedRuntime.cpp, line 584]
Event: 1568.859 Thread 0x00000263a6f95000 Exception <a 'java/lang/ArrayIndexOutOfBoundsException'{0x00000000ce15bb78}> (0x00000000ce15bb78) thrown at [t:/workspace/open/src/hotspot/share/runtime/sharedRuntime.cpp, line 584]
Event: 1568.859 Thread 0x00000263a6f95000 Exception <a 'java/lang/ArrayIndexOutOfBoundsException'{0x00000000ce15c3e0}> (0x00000000ce15c3e0) thrown at [t:/workspace/open/src/hotspot/share/runtime/sharedRuntime.cpp, line 584]
Event: 1568.859 Thread 0x00000263a6f95000 Exception <a 'java/lang/ArrayIndexOutOfBoundsException'{0x00000000ce15cc38}> (0x00000000ce15cc38) thrown at [t:/workspace/open/src/hotspot/share/runtime/sharedRuntime.cpp, line 584]
Event: 1568.952 Thread 0x00000263a6f95800 Exception <a 'java/lang/ArrayIndexOutOfBoundsException'{0x00000000d07933c0}: Index 1900 out of bounds for length 1900> (0x00000000d07933c0) thrown at [t:/workspace/open/src/hotspot/share/interpreter/interpreterRuntime.cpp, line 459]
Event: 1568.952 Thread 0x00000263a6f95800 Exception <a 'java/lang/ArrayIndexOutOfBoundsException'{0x00000000d07936e0}: Index 1901 out of bounds for length 1900> (0x00000000d07936e0) thrown at [t:/workspace/open/src/hotspot/share/interpreter/interpreterRuntime.cpp, line 459]
Event: 1569.040 Thread 0x00000263a6f91800 Exception <a 'java/lang/ArrayIndexOutOfBoundsException'{0x00000000ce06f708}> (0x00000000ce06f708) thrown at [t:/workspace/open/src/hotspot/share/runtime/sharedRuntime.cpp, line 584]
Event: 1569.041 Thread 0x00000263a6f91800 Exception <a 'java/lang/ArrayIndexOutOfBoundsException'{0x00000000ce06fa28}> (0x00000000ce06fa28) thrown at [t:/workspace/open/src/hotspot/share/runtime/sharedRuntime.cpp, line 584]
Event: 1569.467 Thread 0x00000263a6f94000 Exception <a 'java/lang/ArrayIndexOutOfBoundsException'{0x00000000d1e5a908}> (0x00000000d1e5a908) thrown at [t:/workspace/open/src/hotspot/share/runtime/sharedRuntime.cpp, line 584]

Events (10 events):
Event: 1569.344 Thread 0x00000263a6f92800 Uncommon trap: trap_request=0xffffff4d fr.pc=0x00000263944360c4 relative=0x0000000000000864
Event: 1569.345 Thread 0x00000263a6f92800 DEOPT PACKING pc=0x00000263944360c4 sp=0x000000c0361fef70
Event: 1569.345 Thread 0x00000263a6f92800 DEOPT UNPACKING pc=0x000002638c558129 sp=0x000000c0361fef58 mode 2
Event: 1569.345 Executing VM operation: G1CollectForAllocation
Event: 1569.355 Executing VM operation: G1CollectForAllocation done
Event: 1569.426 loading class com/sun/crypto/provider/CipherBlockChaining
Event: 1569.427 loading class com/sun/crypto/provider/CipherBlockChaining done
Event: 1569.468 Executing VM operation: RevokeBias
Event: 1569.469 Executing VM operation: RevokeBias done
Event: 1569.489 Executing VM operation: CGC_Operation


Dynamic libraries:
0x00007ff66adc0000 - 0x00007ff66ae07000 	C:\Program Files (x86)\Java\jdk-11.0.1\bin\java.exe
0x00007ffcdc840000 - 0x00007ffcdca2d000 	C:\Windows\SYSTEM32\ntdll.dll
0x00007ffcdc380000 - 0x00007ffcdc433000 	C:\Windows\System32\KERNEL32.DLL
0x00007ffcd9080000 - 0x00007ffcd9313000 	C:\Windows\System32\KERNELBASE.dll
0x00007ffcdc6d0000 - 0x00007ffcdc773000 	C:\Windows\System32\ADVAPI32.dll
0x00007ffcdbb10000 - 0x00007ffcdbbae000 	C:\Windows\System32\msvcrt.dll
0x00007ffcdc240000 - 0x00007ffcdc2de000 	C:\Windows\System32\sechost.dll
0x00007ffcdbbd0000 - 0x00007ffcdbcf2000 	C:\Windows\System32\RPCRT4.dll
0x00007ffcdbd60000 - 0x00007ffcdbef7000 	C:\Windows\System32\USER32.dll
0x00007ffcd8f40000 - 0x00007ffcd8f60000 	C:\Windows\System32\win32u.dll
0x00007ffcdc2e0000 - 0x00007ffcdc309000 	C:\Windows\System32\GDI32.dll
0x00007ffcd8da0000 - 0x00007ffcd8f3a000 	C:\Windows\System32\gdi32full.dll
0x00007ffcd8bd0000 - 0x00007ffcd8c70000 	C:\Windows\System32\msvcp_win.dll
0x00007ffcd8f60000 - 0x00007ffcd905a000 	C:\Windows\System32\ucrtbase.dll
0x00007ffccaa20000 - 0x00007ffccac99000 	C:\Windows\WinSxS\amd64_microsoft.windows.common-controls_6595b64144ccf1df_6.0.17763.437_none_05b63dca071e5dd6\COMCTL32.dll
0x00007ffcd0f70000 - 0x00007ffcd0f7a000 	C:\Windows\SYSTEM32\VERSION.dll
0x00007ffcdbf10000 - 0x00007ffcdc23c000 	C:\Windows\System32\combase.dll
0x00007ffcd8d20000 - 0x00007ffcd8d9e000 	C:\Windows\System32\bcryptPrimitives.dll
0x00007ffcd9a70000 - 0x00007ffcd9a9e000 	C:\Windows\System32\IMM32.DLL
0x00007ffcbfb20000 - 0x00007ffcbfb36000 	C:\Program Files (x86)\Java\jdk-11.0.1\bin\vcruntime140.dll
0x00007ffcad540000 - 0x00007ffcad5ea000 	C:\Program Files (x86)\Java\jdk-11.0.1\bin\msvcp140.dll
0x00007ffc81500000 - 0x00007ffc82042000 	C:\Program Files (x86)\Java\jdk-11.0.1\bin\server\jvm.dll
0x00007ffcdc6c0000 - 0x00007ffcdc6c8000 	C:\Windows\System32\PSAPI.DLL
0x00007ffcce9d0000 - 0x00007ffcce9d9000 	C:\Windows\SYSTEM32\WSOCK32.dll
0x00007ffcd66c0000 - 0x00007ffcd66e4000 	C:\Windows\SYSTEM32\WINMM.dll
0x00007ffcdc310000 - 0x00007ffcdc37d000 	C:\Windows\System32\WS2_32.dll
0x00007ffcd6690000 - 0x00007ffcd66bd000 	C:\Windows\SYSTEM32\WINMMBASE.dll
0x00007ffcd8b80000 - 0x00007ffcd8bca000 	C:\Windows\System32\cfgmgr32.dll
0x00007ffcd88c0000 - 0x00007ffcd88d1000 	C:\Windows\System32\kernel.appcore.dll
0x00007ffcbfa30000 - 0x00007ffcbfa41000 	C:\Program Files (x86)\Java\jdk-11.0.1\bin\verify.dll
0x00007ffccb970000 - 0x00007ffccbb5d000 	C:\Windows\SYSTEM32\DBGHELP.DLL
0x00007ffccc0c0000 - 0x00007ffccc0ea000 	C:\Windows\SYSTEM32\dbgcore.DLL
0x00007ffcbfa00000 - 0x00007ffcbfa29000 	C:\Program Files (x86)\Java\jdk-11.0.1\bin\java.dll
0x00007ffcbf9e0000 - 0x00007ffcbf9f6000 	C:\Program Files (x86)\Java\jdk-11.0.1\bin\zip.dll
0x00007ffccf180000 - 0x00007ffccf18a000 	C:\Program Files (x86)\Java\jdk-11.0.1\bin\jimage.dll
0x00007ffcda330000 - 0x00007ffcdb820000 	C:\Windows\System32\SHELL32.dll
0x00007ffcd9ff0000 - 0x00007ffcda098000 	C:\Windows\System32\shcore.dll
0x00007ffcd9320000 - 0x00007ffcd9a6a000 	C:\Windows\System32\windows.storage.dll
0x00007ffcd88e0000 - 0x00007ffcd8904000 	C:\Windows\System32\profapi.dll
0x00007ffcd8840000 - 0x00007ffcd889d000 	C:\Windows\System32\powrprof.dll
0x00007ffcda0a0000 - 0x00007ffcda0f2000 	C:\Windows\System32\shlwapi.dll
0x00007ffcd9060000 - 0x00007ffcd9077000 	C:\Windows\System32\cryptsp.dll
0x00007ffcbf9c0000 - 0x00007ffcbf9d9000 	C:\Program Files (x86)\Java\jdk-11.0.1\bin\net.dll
0x00007ffcd4120000 - 0x00007ffcd4211000 	C:\Windows\SYSTEM32\WINHTTP.dll
0x00007ffcd80c0000 - 0x00007ffcd8127000 	C:\Windows\system32\mswsock.dll
0x00007ffcbf850000 - 0x00007ffcbf863000 	C:\Program Files (x86)\Java\jdk-11.0.1\bin\nio.dll
0x00007ffcd7c20000 - 0x00007ffcd7c53000 	C:\Windows\system32\rsaenh.dll
0x00007ffcd8910000 - 0x00007ffcd8936000 	C:\Windows\System32\bcrypt.dll
0x00007ffcd8770000 - 0x00007ffcd8798000 	C:\Windows\SYSTEM32\USERENV.dll
0x00007ffcd8290000 - 0x00007ffcd829c000 	C:\Windows\SYSTEM32\CRYPTBASE.dll
0x00007ffcd7dc0000 - 0x00007ffcd7dfd000 	C:\Windows\SYSTEM32\IPHLPAPI.DLL
0x00007ffcdbf00000 - 0x00007ffcdbf08000 	C:\Windows\System32\NSI.dll
0x00007ffcd46d0000 - 0x00007ffcd46e6000 	C:\Windows\SYSTEM32\dhcpcsvc6.DLL
0x00007ffcd46b0000 - 0x00007ffcd46cc000 	C:\Windows\SYSTEM32\dhcpcsvc.DLL
0x00007ffcd7e00000 - 0x00007ffcd7ec6000 	C:\Windows\SYSTEM32\DNSAPI.dll
0x00007ffccdd70000 - 0x00007ffccdd99000 	C:\Users\aluno\.vscode\extensions\redhat.java-0.45.0\server\config_win\org.eclipse.equinox.launcher\org.eclipse.equinox.launcher.win32.win32.x86_64_1.1.1000.v20190125-2016\eclipse_1801.dll
0x00007ffcc0350000 - 0x00007ffcc0361000 	C:\Users\aluno\.vscode\extensions\redhat.java-0.45.0\server\config_win\org.eclipse.osgi\20\0\.cp\jWinHttp-1.0.0.dll
0x00007ffcdb950000 - 0x00007ffcdbaa5000 	C:\Windows\System32\ole32.dll
0x00007ffcc0320000 - 0x00007ffcc0347000 	C:\Program Files (x86)\Java\jdk-11.0.1\bin\sunec.dll
0x00007ffcd1510000 - 0x00007ffcd151a000 	C:\Windows\System32\rasadhlp.dll
0x00007ffcd4920000 - 0x00007ffcd4999000 	C:\Windows\System32\fwpuclnt.dll
0x00007ffcd6360000 - 0x00007ffcd636d000 	C:\Program Files (x86)\Java\jdk-11.0.1\bin\sunmscapi.dll
0x00007ffcd89a0000 - 0x00007ffcd8b7b000 	C:\Windows\System32\CRYPT32.dll
0x00007ffcd88a0000 - 0x00007ffcd88b2000 	C:\Windows\System32\MSASN1.dll
0x00007ffcd8390000 - 0x00007ffcd83b6000 	C:\Windows\SYSTEM32\ncrypt.dll
0x00007ffcd8350000 - 0x00007ffcd838c000 	C:\Windows\SYSTEM32\NTASN1.dll

dbghelp: loaded successfully - version: 4.0.5 - missing functions: none
symbol engine: initialized successfully - sym options: 0x614 - pdb path: .;C:\Program Files (x86)\Java\jdk-11.0.1\bin;C:\Windows\SYSTEM32;C:\Windows\WinSxS\amd64_microsoft.windows.common-controls_6595b64144ccf1df_6.0.17763.437_none_05b63dca071e5dd6;C:\Program Files (x86)\Java\jdk-11.0.1\bin\server;C:\Users\aluno\.vscode\extensions\redhat.java-0.45.0\server\config_win\org.eclipse.equinox.launcher\org.eclipse.equinox.launcher.win32.win32.x86_64_1.1.1000.v20190125-2016;C:\Users\aluno\.vscode\extensions\redhat.java-0.45.0\server\config_win\org.eclipse.osgi\20\0\.cp

VM Arguments:
jvm_args: --add-modules=ALL-SYSTEM --add-opens=java.base/java.util=ALL-UNNAMED --add-opens=java.base/java.lang=ALL-UNNAMED -Declipse.application=org.eclipse.jdt.ls.core.id1 -Dosgi.bundles.defaultStartLevel=4 -Declipse.product=org.eclipse.jdt.ls.core.product -Dfile.encoding=utf8 -DwatchParentProcess=false -Xverify:none -Xmx1G -XX:+UseG1GC -XX:+UseStringDeduplication 
java_command: C:\Users\aluno\.vscode\extensions\redhat.java-0.45.0\server\plugins\org.eclipse.equinox.launcher_1.5.400.v20190514-1658.jar -configuration C:\Users\aluno\.vscode\extensions\redhat.java-0.45.0\server\config_win -data c:\Users\aluno\AppData\Roaming\Code\User\workspaceStorage\56a9235ecc1fd7bc1f7dc205d7bfb910\redhat.java\jdt_ws
java_class_path (initial): C:\Users\aluno\.vscode\extensions\redhat.java-0.45.0\server\plugins\org.eclipse.equinox.launcher_1.5.400.v20190514-1658.jar
Launcher Type: SUN_STANDARD

[Global flags]
     bool BytecodeVerificationLocal                = false                                     {product} {command line}
     bool BytecodeVerificationRemote               = false                                     {product} {command line}
     intx CICompilerCount                          = 3                                         {product} {ergonomic}
     uint ConcGCThreads                            = 1                                         {product} {ergonomic}
     uint G1ConcRefinementThreads                  = 4                                         {product} {ergonomic}
   size_t G1HeapRegionSize                         = 1048576                                   {product} {ergonomic}
    uintx GCDrainStackTargetSize                   = 64                                        {product} {ergonomic}
   size_t InitialHeapSize                          = 62914560                                  {product} {ergonomic}
   size_t MarkStackSize                            = 4194304                                   {product} {ergonomic}
   size_t MaxHeapSize                              = 1073741824                                {product} {command line}
   size_t MaxNewSize                               = 643825664                                 {product} {ergonomic}
   size_t MinHeapDeltaBytes                        = 1048576                                   {product} {ergonomic}
    uintx NonNMethodCodeHeapSize                   = 5830092                                {pd product} {ergonomic}
    uintx NonProfiledCodeHeapSize                  = 122914074                              {pd product} {ergonomic}
    uintx ProfiledCodeHeapSize                     = 122914074                              {pd product} {ergonomic}
    uintx ReservedCodeCacheSize                    = 251658240                              {pd product} {ergonomic}
     bool SegmentedCodeCache                       = true                                      {product} {ergonomic}
     bool UseCompressedClassPointers               = true                                 {lp64_product} {ergonomic}
     bool UseCompressedOops                        = true                                 {lp64_product} {ergonomic}
     bool UseG1GC                                  = true                                      {product} {command line}
     bool UseLargePagesIndividualAllocation        = false                                  {pd product} {ergonomic}
     bool UseStringDeduplication                   = true                                      {product} {command line}

Logging:
Log output configuration:
 #0: stdout all=warning uptime,level,tags
 #1: stderr all=off uptime,level,tags

Environment Variables:
JAVA_HOME=C:\Program Files (x86)\Java\jdk-11.0.1
PATH=C:\Program Files (x86)\Common Files\Oracle\Java\javapath;C:\Windows\system32;C:\Windows;C:\Windows\System32\Wbem;C:\Windows\System32\WindowsPowerShell\v1.0\;C:\Windows\System32\OpenSSH\;C:\Program Files (x86)\Microsoft SQL Server\140\Tools\Binn\;C:\Program Files\Microsoft SQL Server\140\Tools\Binn\;C:\Program Files\Microsoft SQL Server\Client SDK\ODBC\130\Tools\Binn\;C:\Program Files\Microsoft SQL Server\140\DTS\Binn\;C:\Program Files (x86)\Microsoft SQL Server\Client SDK\ODBC\130\Tools\Binn\;C:\Program Files (x86)\Microsoft SQL Server\140\DTS\Binn\;C:\Program Files (x86)\Microsoft SQL Server\140\Tools\Binn\ManagementStudio\;C:\Program Files\Git\cmd;C:\Program Files\nodejs\;C:\Program Files\PuTTY\;C:\Program Files\TortoiseSVN\bin;C:\Program Files\Microsoft\Web Platform Installer\;C:\Users\aluno\Downloads\apache-maven-3.6.1\bin;C:\Users\aluno\AppData\Local\Microsoft\WindowsApps;C:\Users\aluno\AppData\Local\Programs\Microsoft VS Code\bin;C:\Users\aluno\Downloads\apache-maven-3.6.1\bin;
USERNAME=aluno
OS=Windows_NT
PROCESSOR_IDENTIFIER=Intel64 Family 6 Model 37 Stepping 2, GenuineIntel



---------------  S Y S T E M  ---------------

OS: Windows 10 , 64 bit Build 17763 (10.0.17763.437)

CPU:total 4 (initial active 4) (2 cores per cpu, 2 threads per core) family 6 model 37 stepping 2, cmov, cx8, fxsr, mmx, sse, sse2, sse3, ssse3, sse4.1, sse4.2, popcnt, ht, tsc, tscinvbit

Memory: 4k page, system-wide physical 3831M (480M free)
TotalPageFile size 5580M (AvailPageFile size 664M)
current process WorkingSet (physical memory assigned to process): 575M, peak: 652M
current process commit charge ("private bytes"): 577M, peak: 579M

vm_info: Java HotSpot(TM) 64-Bit Server VM (11.0.1+13-LTS) for windows-amd64 JRE (11.0.1+13-LTS), built on Oct  6 2018 13:20:16 by "mach5one" with MS VC++ 15.5 (VS2017)

END.
